
ASEM-51 V1.3                                         Copyright (c) 2002 by W.W. Heinz                                         PAGE 1





       MCS-51 Family Macro Assembler   A S E M - 5 1   V 1.3
       =====================================================



	Source File:	ejemplo.asm
	Object File:	ejemplo.hex
	List File:	ejemplo.lst



 Line  I  Addr  Code            Source

    1:		B      0090		GREEN_LED EQU P1.0
    2:		N      0000		ORG 0000h
    3:	  0000	02 01 00		LJMP MAIN
    4:
    5:		N      0100		ORG 100h
    6:	  0100			MAIN:
    7:	  0100	C2 90			CLR GREEN_LED
    8:	  0102	31 13			ACALL DELAY500
    9:	  0104	D2 90			SETB GREEN_LED
   10:	  0106	31 13			ACALL DELAY500
   11:	  0108	80 F6			SJMP MAIN
   12:
   13:	  010A			DELAY100:
   14:	  010A	7F C8			MOV R7, #200
   15:	  010C	7E FA		LOOP1:	MOV R6, #250
   16:	  010E	DE FE		LOOP0:	DJNZ R6, LOOP0
   17:	  0110	DF FA			DJNZ R7, LOOP1
   18:	  0112	22			RET
   19:
   20:	  0113			DELAY500:
   21:	  0113	31 0A			CALL DELAY100
   22:	  0115	31 0A			CALL DELAY100
   23:	  0117	31 0A			CALL DELAY100
   24:	  0119	31 0A			CALL DELAY100
   25:	  011B	31 0A			CALL DELAY100
   26:	  011D	22			RET
   27:				END





                     register banks used:  ---

                     no errors




ASEM-51 V1.3                                         Copyright (c) 2002 by W.W. Heinz                                         PAGE 2





	       L I S T   O F   S Y M B O L S
	       =============================


SYMBOL				  TYPE     VALUE	LINE
------------------------------------------------------------
??ASEM_51			  NUMBER    8051
??VERSION			  NUMBER    0130
AC				  BIT	      D6
ACC				  DATA	      E0
B				  DATA	      F0
CY				  BIT	      D7
DELAY100			  CODE	    010A	  13
DELAY500			  CODE	    0113	  20
DPH				  DATA	      83
DPL				  DATA	      82
EA				  BIT	      AF
ES				  BIT	      AC
ET0				  BIT	      A9
ET1				  BIT	      AB
EX0				  BIT	      A8
EX1				  BIT	      AA
EXTI0				  CODE	    0003
EXTI1				  CODE	    0013
F0				  BIT	      D5
GREEN_LED			  NUMBER    0090	   1
IE				  DATA	      A8
IE0				  BIT	      89
IE1				  BIT	      8B
INT0				  BIT	      B2
INT1				  BIT	      B3
IP				  DATA	      B8
IT0				  BIT	      88
IT1				  BIT	      8A
LOOP0				  CODE	    010E	  16
LOOP1				  CODE	    010C	  15
MAIN				  CODE	    0100	   6
OV				  BIT	      D2
P				  BIT	      D0
P0				  DATA	      80
P1				  DATA	      90
P2				  DATA	      A0
P3				  DATA	      B0
PCON				  DATA	      87
PS				  BIT	      BC
PSW				  DATA	      D0
PT0				  BIT	      B9
PT1				  BIT	      BB
PX0				  BIT	      B8
PX1				  BIT	      BA
RB8				  BIT	      9A
RD				  BIT	      B7
REN				  BIT	      9C
RESET				  CODE	    0000
RI				  BIT	      98
RS0				  BIT	      D3

ASEM-51 V1.3                                         Copyright (c) 2002 by W.W. Heinz                                         PAGE 3



SYMBOL				  TYPE     VALUE	LINE
------------------------------------------------------------
RS1				  BIT	      D4
RXD				  BIT	      B0
SBUF				  DATA	      99
SCON				  DATA	      98
SINT				  CODE	    0023
SM0				  BIT	      9F
SM1				  BIT	      9E
SM2				  BIT	      9D
SP				  DATA	      81
T0				  BIT	      B4
T1				  BIT	      B5
TB8				  BIT	      9B
TCON				  DATA	      88
TF0				  BIT	      8D
TF1				  BIT	      8F
TH0				  DATA	      8C
TH1				  DATA	      8D
TI				  BIT	      99
TIMER0				  CODE	    000B
TIMER1				  CODE	    001B
TL0				  DATA	      8A
TL1				  DATA	      8B
TMOD				  DATA	      89
TR0				  BIT	      8C
TR1				  BIT	      8E
TXD				  BIT	      B1
WR				  BIT	      B6
